1646081158821	geckodriver	INFO	Listening on 127.0.0.1:51005
1646081159522	mozrunner::runner	INFO	Running command: "/Applications/Firefox.app/Contents/MacOS/firefox-bin" "--marionette" "-foreground" "-no-remote" "-profile" "/var/folders/ht/kmypm2td35v78tr7wjvy4gh40000gn/T/rust_mozprofile4xy8n7"
1646081160237	Marionette	INFO	Marionette enabled
console.warn: SearchSettings: "get: No settings file exists, new profile?" (new NotFoundError("Could not open the file at /var/folders/ht/kmypm2td35v78tr7wjvy4gh40000gn/T/rust_mozprofile4xy8n7/search.json.mozlz4", (void 0)))
console.error: BackgroundUpdate: 
  _reasonsToNotScheduleUpdates: Failed to check for Maintenance Service Registry Key: [Exception... "Component returned failure code: 0x80004001 (NS_ERROR_NOT_IMPLEMENTED) [nsIUpdateProcessor.getServiceRegKeyExists]"  nsresult: "0x80004001 (NS_ERROR_NOT_IMPLEMENTED)"  location: "JS frame :: resource://gre/modules/BackgroundUpdate.jsm :: _reasonsToNotScheduleUpdates :: line 243"  data: no]
1646081162935	Marionette	INFO	Listening on port 51020
1646081162980	RemoteAgent	WARN	TLS certificate errors will be ignored for this session
JavaScript error: resource://gre/modules/XULStore.jsm, line 66: Error: Can't find profile directory.
JavaScript error: resource://gre/modules/XULStore.jsm, line 66: Error: Can't find profile directory.
1646081266055	Marionette	INFO	Stopped listening on port 51020

###!!! [Parent][RunMessage] Error: Channel closing: too late to send/recv, messages will be lost

1646082411233	geckodriver	INFO	Listening on 127.0.0.1:56506
1646082412122	mozrunner::runner	INFO	Running command: "/Applications/Firefox.app/Contents/MacOS/firefox-bin" "--marionette" "-foreground" "-no-remote" "-profile" "/var/folders/ht/kmypm2td35v78tr7wjvy4gh40000gn/T/rust_mozprofileiXKkdo"
1646082412736	Marionette	INFO	Marionette enabled
console.warn: SearchSettings: "get: No settings file exists, new profile?" (new NotFoundError("Could not open the file at /var/folders/ht/kmypm2td35v78tr7wjvy4gh40000gn/T/rust_mozprofileiXKkdo/search.json.mozlz4", (void 0)))
console.error: BackgroundUpdate: 
  _reasonsToNotScheduleUpdates: Failed to check for Maintenance Service Registry Key: [Exception... "Component returned failure code: 0x80004001 (NS_ERROR_NOT_IMPLEMENTED) [nsIUpdateProcessor.getServiceRegKeyExists]"  nsresult: "0x80004001 (NS_ERROR_NOT_IMPLEMENTED)"  location: "JS frame :: resource://gre/modules/BackgroundUpdate.jsm :: _reasonsToNotScheduleUpdates :: line 243"  data: no]
1646082416014	Marionette	INFO	Listening on port 56521
1646082416127	RemoteAgent	WARN	TLS certificate errors will be ignored for this session
JavaScript error: resource://gre/modules/XULStore.jsm, line 66: Error: Can't find profile directory.
JavaScript error: resource://gre/modules/XULStore.jsm, line 66: Error: Can't find profile directory.
1646082490353	Marionette	INFO	Stopped listening on port 56521

###!!! [Parent][RunMessage] Error: Channel closing: too late to send/recv, messages will be lost

1646082509227	geckodriver	INFO	Listening on 127.0.0.1:57034
1646082510135	mozrunner::runner	INFO	Running command: "/Applications/Firefox.app/Contents/MacOS/firefox-bin" "--marionette" "-foreground" "-no-remote" "-profile" "/var/folders/ht/kmypm2td35v78tr7wjvy4gh40000gn/T/rust_mozprofilezQ4WwX"
1646082510703	Marionette	INFO	Marionette enabled
console.warn: SearchSettings: "get: No settings file exists, new profile?" (new NotFoundError("Could not open the file at /var/folders/ht/kmypm2td35v78tr7wjvy4gh40000gn/T/rust_mozprofilezQ4WwX/search.json.mozlz4", (void 0)))
console.error: BackgroundUpdate: 
  _reasonsToNotScheduleUpdates: Failed to check for Maintenance Service Registry Key: [Exception... "Component returned failure code: 0x80004001 (NS_ERROR_NOT_IMPLEMENTED) [nsIUpdateProcessor.getServiceRegKeyExists]"  nsresult: "0x80004001 (NS_ERROR_NOT_IMPLEMENTED)"  location: "JS frame :: resource://gre/modules/BackgroundUpdate.jsm :: _reasonsToNotScheduleUpdates :: line 243"  data: no]
1646082513098	Marionette	INFO	Listening on port 57049
1646082513143	RemoteAgent	WARN	TLS certificate errors will be ignored for this session
JavaScript error: resource://gre/modules/XULStore.jsm, line 66: Error: Can't find profile directory.
JavaScript error: resource://gre/modules/XULStore.jsm, line 66: Error: Can't find profile directory.
Exiting due to channel error.
Exiting due to channel error.
Exiting due to channel error.
1646082561539	geckodriver	INFO	Listening on 127.0.0.1:57343
1646082562452	mozrunner::runner	INFO	Running command: "/Applications/Firefox.app/Contents/MacOS/firefox-bin" "--marionette" "-foreground" "-no-remote" "-profile" "/var/folders/ht/kmypm2td35v78tr7wjvy4gh40000gn/T/rust_mozprofileAeuWX4"
1646082562910	Marionette	INFO	Marionette enabled
console.warn: SearchSettings: "get: No settings file exists, new profile?" (new NotFoundError("Could not open the file at /var/folders/ht/kmypm2td35v78tr7wjvy4gh40000gn/T/rust_mozprofileAeuWX4/search.json.mozlz4", (void 0)))
console.error: BackgroundUpdate: 
  _reasonsToNotScheduleUpdates: Failed to check for Maintenance Service Registry Key: [Exception... "Component returned failure code: 0x80004001 (NS_ERROR_NOT_IMPLEMENTED) [nsIUpdateProcessor.getServiceRegKeyExists]"  nsresult: "0x80004001 (NS_ERROR_NOT_IMPLEMENTED)"  location: "JS frame :: resource://gre/modules/BackgroundUpdate.jsm :: _reasonsToNotScheduleUpdates :: line 243"  data: no]
1646082565028	Marionette	INFO	Listening on port 57358
1646082565117	RemoteAgent	WARN	TLS certificate errors will be ignored for this session
JavaScript error: resource://gre/modules/XULStore.jsm, line 66: Error: Can't find profile directory.
JavaScript error: resource://gre/modules/XULStore.jsm, line 66: Error: Can't find profile directory.
1646082573837	Marionette	INFO	Stopped listening on port 57358

###!!! [Parent][RunMessage] Error: Channel closing: too late to send/recv, messages will be lost

1646082602223	geckodriver	INFO	Listening on 127.0.0.1:57588
1646082603142	mozrunner::runner	INFO	Running command: "/Applications/Firefox.app/Contents/MacOS/firefox-bin" "--marionette" "-foreground" "-no-remote" "-profile" "/var/folders/ht/kmypm2td35v78tr7wjvy4gh40000gn/T/rust_mozprofile5Z86BQ"
1646082603709	Marionette	INFO	Marionette enabled
console.warn: SearchSettings: "get: No settings file exists, new profile?" (new NotFoundError("Could not open the file at /var/folders/ht/kmypm2td35v78tr7wjvy4gh40000gn/T/rust_mozprofile5Z86BQ/search.json.mozlz4", (void 0)))
console.error: BackgroundUpdate: 
  _reasonsToNotScheduleUpdates: Failed to check for Maintenance Service Registry Key: [Exception... "Component returned failure code: 0x80004001 (NS_ERROR_NOT_IMPLEMENTED) [nsIUpdateProcessor.getServiceRegKeyExists]"  nsresult: "0x80004001 (NS_ERROR_NOT_IMPLEMENTED)"  location: "JS frame :: resource://gre/modules/BackgroundUpdate.jsm :: _reasonsToNotScheduleUpdates :: line 243"  data: no]
1646082606224	Marionette	INFO	Listening on port 57603
1646082606319	RemoteAgent	WARN	TLS certificate errors will be ignored for this session
JavaScript error: resource://gre/modules/XULStore.jsm, line 66: Error: Can't find profile directory.
JavaScript error: resource://gre/modules/XULStore.jsm, line 66: Error: Can't find profile directory.
1646082613346	Marionette	INFO	Stopped listening on port 57603

###!!! [Parent][RunMessage] Error: Channel closing: too late to send/recv, messages will be lost

1646082623790	geckodriver	INFO	Listening on 127.0.0.1:57770
1646082624707	mozrunner::runner	INFO	Running command: "/Applications/Firefox.app/Contents/MacOS/firefox-bin" "--marionette" "-foreground" "-no-remote" "-profile" "/var/folders/ht/kmypm2td35v78tr7wjvy4gh40000gn/T/rust_mozprofileUYBaxW"
1646082625203	Marionette	INFO	Marionette enabled
console.warn: SearchSettings: "get: No settings file exists, new profile?" (new NotFoundError("Could not open the file at /var/folders/ht/kmypm2td35v78tr7wjvy4gh40000gn/T/rust_mozprofileUYBaxW/search.json.mozlz4", (void 0)))
console.error: BackgroundUpdate: 
  _reasonsToNotScheduleUpdates: Failed to check for Maintenance Service Registry Key: [Exception... "Component returned failure code: 0x80004001 (NS_ERROR_NOT_IMPLEMENTED) [nsIUpdateProcessor.getServiceRegKeyExists]"  nsresult: "0x80004001 (NS_ERROR_NOT_IMPLEMENTED)"  location: "JS frame :: resource://gre/modules/BackgroundUpdate.jsm :: _reasonsToNotScheduleUpdates :: line 243"  data: no]
1646082628052	Marionette	INFO	Listening on port 57785
1646082628139	RemoteAgent	WARN	TLS certificate errors will be ignored for this session
JavaScript error: resource://gre/modules/XULStore.jsm, line 66: Error: Can't find profile directory.
JavaScript error: resource://gre/modules/XULStore.jsm, line 66: Error: Can't find profile directory.
1646082634730	Marionette	INFO	Stopped listening on port 57785
console.error: PushServiceWebSocket: 
  _beginWSSetup: Not in shutdown state! Current state
  3
1646082686872	geckodriver	INFO	Listening on 127.0.0.1:58119
1646082687796	mozrunner::runner	INFO	Running command: "/Applications/Firefox.app/Contents/MacOS/firefox-bin" "--marionette" "-foreground" "-no-remote" "-profile" "/var/folders/ht/kmypm2td35v78tr7wjvy4gh40000gn/T/rust_mozprofileDDeE5X"
1646082688346	Marionette	INFO	Marionette enabled
console.warn: SearchSettings: "get: No settings file exists, new profile?" (new NotFoundError("Could not open the file at /var/folders/ht/kmypm2td35v78tr7wjvy4gh40000gn/T/rust_mozprofileDDeE5X/search.json.mozlz4", (void 0)))
console.error: BackgroundUpdate: 
  _reasonsToNotScheduleUpdates: Failed to check for Maintenance Service Registry Key: [Exception... "Component returned failure code: 0x80004001 (NS_ERROR_NOT_IMPLEMENTED) [nsIUpdateProcessor.getServiceRegKeyExists]"  nsresult: "0x80004001 (NS_ERROR_NOT_IMPLEMENTED)"  location: "JS frame :: resource://gre/modules/BackgroundUpdate.jsm :: _reasonsToNotScheduleUpdates :: line 243"  data: no]
1646082690689	Marionette	INFO	Listening on port 58134
1646082690809	RemoteAgent	WARN	TLS certificate errors will be ignored for this session
JavaScript error: resource://gre/modules/XULStore.jsm, line 66: Error: Can't find profile directory.
JavaScript error: resource://gre/modules/XULStore.jsm, line 66: Error: Can't find profile directory.
1646082701597	Marionette	INFO	Stopped listening on port 58134

###!!! [Parent][RunMessage] Error: Channel closing: too late to send/recv, messages will be lost

1646083156999	geckodriver	INFO	Listening on 127.0.0.1:60140
1646083157888	mozrunner::runner	INFO	Running command: "/Applications/Firefox.app/Contents/MacOS/firefox-bin" "--marionette" "-foreground" "-no-remote" "-profile" "/var/folders/ht/kmypm2td35v78tr7wjvy4gh40000gn/T/rust_mozprofile4lnA9P"
1646083158613	Marionette	INFO	Marionette enabled
console.warn: SearchSettings: "get: No settings file exists, new profile?" (new NotFoundError("Could not open the file at /var/folders/ht/kmypm2td35v78tr7wjvy4gh40000gn/T/rust_mozprofile4lnA9P/search.json.mozlz4", (void 0)))
console.error: BackgroundUpdate: 
  _reasonsToNotScheduleUpdates: Failed to check for Maintenance Service Registry Key: [Exception... "Component returned failure code: 0x80004001 (NS_ERROR_NOT_IMPLEMENTED) [nsIUpdateProcessor.getServiceRegKeyExists]"  nsresult: "0x80004001 (NS_ERROR_NOT_IMPLEMENTED)"  location: "JS frame :: resource://gre/modules/BackgroundUpdate.jsm :: _reasonsToNotScheduleUpdates :: line 243"  data: no]
1646083161233	Marionette	INFO	Listening on port 60155
1646083161332	RemoteAgent	WARN	TLS certificate errors will be ignored for this session
JavaScript error: resource://gre/modules/XULStore.jsm, line 66: Error: Can't find profile directory.
JavaScript error: resource://gre/modules/XULStore.jsm, line 66: Error: Can't find profile directory.
1646083168764	Marionette	INFO	Stopped listening on port 60155

###!!! [Parent][RunMessage] Error: Channel closing: too late to send/recv, messages will be lost

1646086019817	geckodriver	INFO	Listening on 127.0.0.1:55742
1646086020683	mozrunner::runner	INFO	Running command: "/Applications/Firefox.app/Contents/MacOS/firefox-bin" "--marionette" "-foreground" "-no-remote" "-profile" "/var/folders/ht/kmypm2td35v78tr7wjvy4gh40000gn/T/rust_mozprofileO6CTmW"
1646086021377	Marionette	INFO	Marionette enabled
console.warn: SearchSettings: "get: No settings file exists, new profile?" (new NotFoundError("Could not open the file at /var/folders/ht/kmypm2td35v78tr7wjvy4gh40000gn/T/rust_mozprofileO6CTmW/search.json.mozlz4", (void 0)))
console.error: BackgroundUpdate: 
  _reasonsToNotScheduleUpdates: Failed to check for Maintenance Service Registry Key: [Exception... "Component returned failure code: 0x80004001 (NS_ERROR_NOT_IMPLEMENTED) [nsIUpdateProcessor.getServiceRegKeyExists]"  nsresult: "0x80004001 (NS_ERROR_NOT_IMPLEMENTED)"  location: "JS frame :: resource://gre/modules/BackgroundUpdate.jsm :: _reasonsToNotScheduleUpdates :: line 243"  data: no]
1646086024120	Marionette	INFO	Listening on port 55757
1646086024252	RemoteAgent	WARN	TLS certificate errors will be ignored for this session
JavaScript error: resource://gre/modules/XULStore.jsm, line 66: Error: Can't find profile directory.
JavaScript error: resource://gre/modules/XULStore.jsm, line 66: Error: Can't find profile directory.
1646086076998	geckodriver	INFO	Listening on 127.0.0.1:56081
1646086077890	mozrunner::runner	INFO	Running command: "/Applications/Firefox.app/Contents/MacOS/firefox-bin" "--marionette" "-foreground" "-no-remote" "-profile" "/var/folders/ht/kmypm2td35v78tr7wjvy4gh40000gn/T/rust_mozprofilei29CwT"
1646086078344	Marionette	INFO	Marionette enabled
console.warn: SearchSettings: "get: No settings file exists, new profile?" (new NotFoundError("Could not open the file at /var/folders/ht/kmypm2td35v78tr7wjvy4gh40000gn/T/rust_mozprofilei29CwT/search.json.mozlz4", (void 0)))
console.error: BackgroundUpdate: 
  _reasonsToNotScheduleUpdates: Failed to check for Maintenance Service Registry Key: [Exception... "Component returned failure code: 0x80004001 (NS_ERROR_NOT_IMPLEMENTED) [nsIUpdateProcessor.getServiceRegKeyExists]"  nsresult: "0x80004001 (NS_ERROR_NOT_IMPLEMENTED)"  location: "JS frame :: resource://gre/modules/BackgroundUpdate.jsm :: _reasonsToNotScheduleUpdates :: line 243"  data: no]
1646086080697	Marionette	INFO	Listening on port 56096
1646086080806	RemoteAgent	WARN	TLS certificate errors will be ignored for this session
JavaScript error: resource://gre/modules/XULStore.jsm, line 66: Error: Can't find profile directory.
JavaScript error: resource://gre/modules/XULStore.jsm, line 66: Error: Can't find profile directory.
1646086165462	Marionette	INFO	Stopped listening on port 55757
1646086167562	Marionette	INFO	Stopped listening on port 56096

###!!! [Parent][RunMessage] Error: Channel closing: too late to send/recv, messages will be lost

1646086774201	geckodriver	INFO	Listening on 127.0.0.1:59031
1646086775022	mozrunner::runner	INFO	Running command: "/Applications/Firefox.app/Contents/MacOS/firefox-bin" "--marionette" "-foreground" "-no-remote" "-profile" "/var/folders/ht/kmypm2td35v78tr7wjvy4gh40000gn/T/rust_mozprofileA8wAOR"
1646086775808	Marionette	INFO	Marionette enabled
console.warn: SearchSettings: "get: No settings file exists, new profile?" (new NotFoundError("Could not open the file at /var/folders/ht/kmypm2td35v78tr7wjvy4gh40000gn/T/rust_mozprofileA8wAOR/search.json.mozlz4", (void 0)))
console.error: BackgroundUpdate: 
  _reasonsToNotScheduleUpdates: Failed to check for Maintenance Service Registry Key: [Exception... "Component returned failure code: 0x80004001 (NS_ERROR_NOT_IMPLEMENTED) [nsIUpdateProcessor.getServiceRegKeyExists]"  nsresult: "0x80004001 (NS_ERROR_NOT_IMPLEMENTED)"  location: "JS frame :: resource://gre/modules/BackgroundUpdate.jsm :: _reasonsToNotScheduleUpdates :: line 243"  data: no]
1646086778749	Marionette	INFO	Listening on port 59046
1646086778802	RemoteAgent	WARN	TLS certificate errors will be ignored for this session
JavaScript error: resource://gre/modules/XULStore.jsm, line 66: Error: Can't find profile directory.
JavaScript error: resource://gre/modules/XULStore.jsm, line 66: Error: Can't find profile directory.
1646087265579	geckodriver	INFO	Listening on 127.0.0.1:61164
1646087266456	mozrunner::runner	INFO	Running command: "/Applications/Firefox.app/Contents/MacOS/firefox-bin" "--marionette" "-foreground" "-no-remote" "-profile" "/var/folders/ht/kmypm2td35v78tr7wjvy4gh40000gn/T/rust_mozprofilermLOql"
1646087266961	Marionette	INFO	Marionette enabled
console.warn: SearchSettings: "get: No settings file exists, new profile?" (new NotFoundError("Could not open the file at /var/folders/ht/kmypm2td35v78tr7wjvy4gh40000gn/T/rust_mozprofilermLOql/search.json.mozlz4", (void 0)))
console.error: BackgroundUpdate: 
  _reasonsToNotScheduleUpdates: Failed to check for Maintenance Service Registry Key: [Exception... "Component returned failure code: 0x80004001 (NS_ERROR_NOT_IMPLEMENTED) [nsIUpdateProcessor.getServiceRegKeyExists]"  nsresult: "0x80004001 (NS_ERROR_NOT_IMPLEMENTED)"  location: "JS frame :: resource://gre/modules/BackgroundUpdate.jsm :: _reasonsToNotScheduleUpdates :: line 243"  data: no]
1646087269501	Marionette	INFO	Listening on port 61179
1646087269610	RemoteAgent	WARN	TLS certificate errors will be ignored for this session
JavaScript error: resource://gre/modules/XULStore.jsm, line 66: Error: Can't find profile directory.
JavaScript error: resource://gre/modules/XULStore.jsm, line 66: Error: Can't find profile directory.
1646087323375	Marionette	INFO	Stopped listening on port 61179

###!!! [Parent][RunMessage] Error: Channel closing: too late to send/recv, messages will be lost

1646087325290	Marionette	INFO	Stopped listening on port 59046
1646087346389	geckodriver	INFO	Listening on 127.0.0.1:61582
1646087347309	mozrunner::runner	INFO	Running command: "/Applications/Firefox.app/Contents/MacOS/firefox-bin" "--marionette" "-foreground" "-no-remote" "-profile" "/var/folders/ht/kmypm2td35v78tr7wjvy4gh40000gn/T/rust_mozprofileEoEN7Q"
1646087347825	Marionette	INFO	Marionette enabled
console.warn: SearchSettings: "get: No settings file exists, new profile?" (new NotFoundError("Could not open the file at /var/folders/ht/kmypm2td35v78tr7wjvy4gh40000gn/T/rust_mozprofileEoEN7Q/search.json.mozlz4", (void 0)))
console.error: BackgroundUpdate: 
  _reasonsToNotScheduleUpdates: Failed to check for Maintenance Service Registry Key: [Exception... "Component returned failure code: 0x80004001 (NS_ERROR_NOT_IMPLEMENTED) [nsIUpdateProcessor.getServiceRegKeyExists]"  nsresult: "0x80004001 (NS_ERROR_NOT_IMPLEMENTED)"  location: "JS frame :: resource://gre/modules/BackgroundUpdate.jsm :: _reasonsToNotScheduleUpdates :: line 243"  data: no]
1646087350030	Marionette	INFO	Listening on port 61597
1646087350108	RemoteAgent	WARN	TLS certificate errors will be ignored for this session
JavaScript error: resource://gre/modules/XULStore.jsm, line 66: Error: Can't find profile directory.
JavaScript error: resource://gre/modules/XULStore.jsm, line 66: Error: Can't find profile directory.
1646087365889	Marionette	INFO	Stopped listening on port 61597

###!!! [Parent][RunMessage] Error: Channel closing: too late to send/recv, messages will be lost

1646087375421	geckodriver	INFO	Listening on 127.0.0.1:61783
1646087376331	mozrunner::runner	INFO	Running command: "/Applications/Firefox.app/Contents/MacOS/firefox-bin" "--marionette" "-foreground" "-no-remote" "-profile" "/var/folders/ht/kmypm2td35v78tr7wjvy4gh40000gn/T/rust_mozprofile8Rml1y"
1646087376791	Marionette	INFO	Marionette enabled
console.warn: SearchSettings: "get: No settings file exists, new profile?" (new NotFoundError("Could not open the file at /var/folders/ht/kmypm2td35v78tr7wjvy4gh40000gn/T/rust_mozprofile8Rml1y/search.json.mozlz4", (void 0)))
console.error: BackgroundUpdate: 
  _reasonsToNotScheduleUpdates: Failed to check for Maintenance Service Registry Key: [Exception... "Component returned failure code: 0x80004001 (NS_ERROR_NOT_IMPLEMENTED) [nsIUpdateProcessor.getServiceRegKeyExists]"  nsresult: "0x80004001 (NS_ERROR_NOT_IMPLEMENTED)"  location: "JS frame :: resource://gre/modules/BackgroundUpdate.jsm :: _reasonsToNotScheduleUpdates :: line 243"  data: no]
1646087379113	Marionette	INFO	Listening on port 61798
1646087379236	RemoteAgent	WARN	TLS certificate errors will be ignored for this session
JavaScript error: resource://gre/modules/XULStore.jsm, line 66: Error: Can't find profile directory.
JavaScript error: resource://gre/modules/XULStore.jsm, line 66: Error: Can't find profile directory.
1646087540582	geckodriver	INFO	Listening on 127.0.0.1:62547
1646087541467	mozrunner::runner	INFO	Running command: "/Applications/Firefox.app/Contents/MacOS/firefox-bin" "--marionette" "-foreground" "-no-remote" "-profile" "/var/folders/ht/kmypm2td35v78tr7wjvy4gh40000gn/T/rust_mozprofileUrPxIF"
1646087541982	Marionette	INFO	Marionette enabled
console.warn: SearchSettings: "get: No settings file exists, new profile?" (new NotFoundError("Could not open the file at /var/folders/ht/kmypm2td35v78tr7wjvy4gh40000gn/T/rust_mozprofileUrPxIF/search.json.mozlz4", (void 0)))
console.error: BackgroundUpdate: 
  _reasonsToNotScheduleUpdates: Failed to check for Maintenance Service Registry Key: [Exception... "Component returned failure code: 0x80004001 (NS_ERROR_NOT_IMPLEMENTED) [nsIUpdateProcessor.getServiceRegKeyExists]"  nsresult: "0x80004001 (NS_ERROR_NOT_IMPLEMENTED)"  location: "JS frame :: resource://gre/modules/BackgroundUpdate.jsm :: _reasonsToNotScheduleUpdates :: line 243"  data: no]
1646087544632	Marionette	INFO	Listening on port 62562
1646087544710	RemoteAgent	WARN	TLS certificate errors will be ignored for this session
JavaScript error: resource://gre/modules/XULStore.jsm, line 66: Error: Can't find profile directory.
JavaScript error: resource://gre/modules/XULStore.jsm, line 66: Error: Can't find profile directory.
console.warn: LoginRecipes: "getRecipes: falling back to a synchronous message for:" "https://robotsparebinindustries.com"
Exiting due to channel error.
Exiting due to channel error.
Exiting due to channel error.
1646087626869	geckodriver	INFO	Listening on 127.0.0.1:63005
1646087627788	mozrunner::runner	INFO	Running command: "/Applications/Firefox.app/Contents/MacOS/firefox-bin" "--marionette" "-foreground" "-no-remote" "-profile" "/var/folders/ht/kmypm2td35v78tr7wjvy4gh40000gn/T/rust_mozprofile7q4bdF"
1646087628265	Marionette	INFO	Marionette enabled
console.warn: SearchSettings: "get: No settings file exists, new profile?" (new NotFoundError("Could not open the file at /var/folders/ht/kmypm2td35v78tr7wjvy4gh40000gn/T/rust_mozprofile7q4bdF/search.json.mozlz4", (void 0)))
console.error: BackgroundUpdate: 
  _reasonsToNotScheduleUpdates: Failed to check for Maintenance Service Registry Key: [Exception... "Component returned failure code: 0x80004001 (NS_ERROR_NOT_IMPLEMENTED) [nsIUpdateProcessor.getServiceRegKeyExists]"  nsresult: "0x80004001 (NS_ERROR_NOT_IMPLEMENTED)"  location: "JS frame :: resource://gre/modules/BackgroundUpdate.jsm :: _reasonsToNotScheduleUpdates :: line 243"  data: no]
1646087630606	Marionette	INFO	Listening on port 63020
1646087630739	RemoteAgent	WARN	TLS certificate errors will be ignored for this session
JavaScript error: resource://gre/modules/XULStore.jsm, line 66: Error: Can't find profile directory.
JavaScript error: resource://gre/modules/XULStore.jsm, line 66: Error: Can't find profile directory.
1646142611200	Marionette	INFO	Stopped listening on port 63020

###!!! [Parent][RunMessage] Error: Channel closing: too late to send/recv, messages will be lost

1646142613120	Marionette	INFO	Stopped listening on port 61798

###!!! [Parent][RunMessage] Error: Channel closing: too late to send/recv, messages will be lost

1646144017021	geckodriver	INFO	Listening on 127.0.0.1:51070
1646144017942	mozrunner::runner	INFO	Running command: "/Applications/Firefox.app/Contents/MacOS/firefox-bin" "--marionette" "-foreground" "-no-remote" "-profile" "/var/folders/ht/kmypm2td35v78tr7wjvy4gh40000gn/T/rust_mozprofileKl4or4"
1646144018776	Marionette	INFO	Marionette enabled
console.warn: SearchSettings: "get: No settings file exists, new profile?" (new NotFoundError("Could not open the file at /var/folders/ht/kmypm2td35v78tr7wjvy4gh40000gn/T/rust_mozprofileKl4or4/search.json.mozlz4", (void 0)))
console.error: BackgroundUpdate: 
  _reasonsToNotScheduleUpdates: Failed to check for Maintenance Service Registry Key: [Exception... "Component returned failure code: 0x80004001 (NS_ERROR_NOT_IMPLEMENTED) [nsIUpdateProcessor.getServiceRegKeyExists]"  nsresult: "0x80004001 (NS_ERROR_NOT_IMPLEMENTED)"  location: "JS frame :: resource://gre/modules/BackgroundUpdate.jsm :: _reasonsToNotScheduleUpdates :: line 243"  data: no]
1646144022587	Marionette	INFO	Listening on port 51087
1646144022693	RemoteAgent	WARN	TLS certificate errors will be ignored for this session
JavaScript error: resource://gre/modules/XULStore.jsm, line 66: Error: Can't find profile directory.
JavaScript error: resource://gre/modules/XULStore.jsm, line 66: Error: Can't find profile directory.
1646144057613	geckodriver	INFO	Listening on 127.0.0.1:51349
1646144058481	mozrunner::runner	INFO	Running command: "/Applications/Firefox.app/Contents/MacOS/firefox-bin" "--marionette" "-foreground" "-no-remote" "-profile" "/var/folders/ht/kmypm2td35v78tr7wjvy4gh40000gn/T/rust_mozprofileLmutML"
1646144059046	Marionette	INFO	Marionette enabled
console.warn: SearchSettings: "get: No settings file exists, new profile?" (new NotFoundError("Could not open the file at /var/folders/ht/kmypm2td35v78tr7wjvy4gh40000gn/T/rust_mozprofileLmutML/search.json.mozlz4", (void 0)))
console.error: BackgroundUpdate: 
  _reasonsToNotScheduleUpdates: Failed to check for Maintenance Service Registry Key: [Exception... "Component returned failure code: 0x80004001 (NS_ERROR_NOT_IMPLEMENTED) [nsIUpdateProcessor.getServiceRegKeyExists]"  nsresult: "0x80004001 (NS_ERROR_NOT_IMPLEMENTED)"  location: "JS frame :: resource://gre/modules/BackgroundUpdate.jsm :: _reasonsToNotScheduleUpdates :: line 243"  data: no]
1646144061823	Marionette	INFO	Listening on port 51364
1646144061872	RemoteAgent	WARN	TLS certificate errors will be ignored for this session
JavaScript error: resource://gre/modules/XULStore.jsm, line 66: Error: Can't find profile directory.
JavaScript error: resource://gre/modules/XULStore.jsm, line 66: Error: Can't find profile directory.
1646144620827	geckodriver	INFO	Listening on 127.0.0.1:53826
1646144621710	mozrunner::runner	INFO	Running command: "/Applications/Firefox.app/Contents/MacOS/firefox-bin" "--marionette" "-foreground" "-no-remote" "-profile" "/var/folders/ht/kmypm2td35v78tr7wjvy4gh40000gn/T/rust_mozprofilek5BDrk"
1646144622850	Marionette	INFO	Marionette enabled
console.warn: SearchSettings: "get: No settings file exists, new profile?" (new NotFoundError("Could not open the file at /var/folders/ht/kmypm2td35v78tr7wjvy4gh40000gn/T/rust_mozprofilek5BDrk/search.json.mozlz4", (void 0)))
console.error: BackgroundUpdate: 
  _reasonsToNotScheduleUpdates: Failed to check for Maintenance Service Registry Key: [Exception... "Component returned failure code: 0x80004001 (NS_ERROR_NOT_IMPLEMENTED) [nsIUpdateProcessor.getServiceRegKeyExists]"  nsresult: "0x80004001 (NS_ERROR_NOT_IMPLEMENTED)"  location: "JS frame :: resource://gre/modules/BackgroundUpdate.jsm :: _reasonsToNotScheduleUpdates :: line 243"  data: no]
1646144625393	Marionette	INFO	Listening on port 53841
1646144625472	RemoteAgent	WARN	TLS certificate errors will be ignored for this session
JavaScript error: resource://gre/modules/XULStore.jsm, line 66: Error: Can't find profile directory.
JavaScript error: resource://gre/modules/XULStore.jsm, line 66: Error: Can't find profile directory.
1646144988306	Marionette	INFO	Stopped listening on port 53841

###!!! [Parent][RunMessage] Error: Channel closing: too late to send/recv, messages will be lost

1646144989713	Marionette	INFO	Stopped listening on port 51364

###!!! [Parent][RunMessage] Error: Channel closing: too late to send/recv, messages will be lost

1646144991501	Marionette	INFO	Stopped listening on port 51087
1646147859109	geckodriver	INFO	Listening on 127.0.0.1:51103
1646147859977	mozrunner::runner	INFO	Running command: "/Applications/Firefox.app/Contents/MacOS/firefox-bin" "--marionette" "-foreground" "-no-remote" "-profile" "/var/folders/ht/kmypm2td35v78tr7wjvy4gh40000gn/T/rust_mozprofileMqotNe"
1646147861023	Marionette	INFO	Marionette enabled
console.warn: SearchSettings: "get: No settings file exists, new profile?" (new NotFoundError("Could not open the file at /var/folders/ht/kmypm2td35v78tr7wjvy4gh40000gn/T/rust_mozprofileMqotNe/search.json.mozlz4", (void 0)))
console.error: BackgroundUpdate: 
  _reasonsToNotScheduleUpdates: Failed to check for Maintenance Service Registry Key: [Exception... "Component returned failure code: 0x80004001 (NS_ERROR_NOT_IMPLEMENTED) [nsIUpdateProcessor.getServiceRegKeyExists]"  nsresult: "0x80004001 (NS_ERROR_NOT_IMPLEMENTED)"  location: "JS frame :: resource://gre/modules/BackgroundUpdate.jsm :: _reasonsToNotScheduleUpdates :: line 243"  data: no]
1646147864107	Marionette	INFO	Listening on port 51118
1646147864202	RemoteAgent	WARN	TLS certificate errors will be ignored for this session
JavaScript error: resource://gre/modules/XULStore.jsm, line 66: Error: Can't find profile directory.
JavaScript error: resource://gre/modules/XULStore.jsm, line 66: Error: Can't find profile directory.
1646148371626	Marionette	INFO	Stopped listening on port 51118
1646148371714	addons.xpi	ERROR	Failed to download system add-on addons-search-detection@mozilla.com: Error: Failed downloading via XHR, status: 0, reason: error(resource://gre/modules/addons/ProductAddonChecker.jsm:244:16) JS Stack trace: fail@ProductAddonChecker.jsm:244:16
1646149137932	geckodriver	INFO	Listening on 127.0.0.1:56509
1646149138742	mozrunner::runner	INFO	Running command: "/Applications/Firefox.app/Contents/MacOS/firefox-bin" "--marionette" "-foreground" "-no-remote" "-profile" "/var/folders/ht/kmypm2td35v78tr7wjvy4gh40000gn/T/rust_mozprofileqooNv2"
1646149139551	Marionette	INFO	Marionette enabled
console.warn: SearchSettings: "get: No settings file exists, new profile?" (new NotFoundError("Could not open the file at /var/folders/ht/kmypm2td35v78tr7wjvy4gh40000gn/T/rust_mozprofileqooNv2/search.json.mozlz4", (void 0)))
console.error: BackgroundUpdate: 
  _reasonsToNotScheduleUpdates: Failed to check for Maintenance Service Registry Key: [Exception... "Component returned failure code: 0x80004001 (NS_ERROR_NOT_IMPLEMENTED) [nsIUpdateProcessor.getServiceRegKeyExists]"  nsresult: "0x80004001 (NS_ERROR_NOT_IMPLEMENTED)"  location: "JS frame :: resource://gre/modules/BackgroundUpdate.jsm :: _reasonsToNotScheduleUpdates :: line 243"  data: no]
1646149142316	Marionette	INFO	Listening on port 56524
1646149142411	RemoteAgent	WARN	TLS certificate errors will be ignored for this session
1646149184302	geckodriver	INFO	Listening on 127.0.0.1:56785
1646149185168	mozrunner::runner	INFO	Running command: "/Applications/Firefox.app/Contents/MacOS/firefox-bin" "--marionette" "-foreground" "-no-remote" "-profile" "/var/folders/ht/kmypm2td35v78tr7wjvy4gh40000gn/T/rust_mozprofile88lho1"
1646149185645	Marionette	INFO	Marionette enabled
console.warn: SearchSettings: "get: No settings file exists, new profile?" (new NotFoundError("Could not open the file at /var/folders/ht/kmypm2td35v78tr7wjvy4gh40000gn/T/rust_mozprofile88lho1/search.json.mozlz4", (void 0)))
console.error: BackgroundUpdate: 
  _reasonsToNotScheduleUpdates: Failed to check for Maintenance Service Registry Key: [Exception... "Component returned failure code: 0x80004001 (NS_ERROR_NOT_IMPLEMENTED) [nsIUpdateProcessor.getServiceRegKeyExists]"  nsresult: "0x80004001 (NS_ERROR_NOT_IMPLEMENTED)"  location: "JS frame :: resource://gre/modules/BackgroundUpdate.jsm :: _reasonsToNotScheduleUpdates :: line 243"  data: no]
1646149188527	Marionette	INFO	Listening on port 56800
1646149188575	RemoteAgent	WARN	TLS certificate errors will be ignored for this session
JavaScript error: resource://gre/modules/XULStore.jsm, line 66: Error: Can't find profile directory.
JavaScript error: resource://gre/modules/XULStore.jsm, line 66: Error: Can't find profile directory.
1646149244031	geckodriver	INFO	Listening on 127.0.0.1:57125
1646149244795	mozrunner::runner	INFO	Running command: "/Applications/Firefox.app/Contents/MacOS/firefox-bin" "--marionette" "-foreground" "-no-remote" "-profile" "/var/folders/ht/kmypm2td35v78tr7wjvy4gh40000gn/T/rust_mozprofilea00fr1"
1646149245285	Marionette	INFO	Marionette enabled
console.warn: SearchSettings: "get: No settings file exists, new profile?" (new NotFoundError("Could not open the file at /var/folders/ht/kmypm2td35v78tr7wjvy4gh40000gn/T/rust_mozprofilea00fr1/search.json.mozlz4", (void 0)))
console.error: BackgroundUpdate: 
  _reasonsToNotScheduleUpdates: Failed to check for Maintenance Service Registry Key: [Exception... "Component returned failure code: 0x80004001 (NS_ERROR_NOT_IMPLEMENTED) [nsIUpdateProcessor.getServiceRegKeyExists]"  nsresult: "0x80004001 (NS_ERROR_NOT_IMPLEMENTED)"  location: "JS frame :: resource://gre/modules/BackgroundUpdate.jsm :: _reasonsToNotScheduleUpdates :: line 243"  data: no]
1646149248270	Marionette	INFO	Listening on port 57140
1646149248342	RemoteAgent	WARN	TLS certificate errors will be ignored for this session
JavaScript error: resource://gre/modules/XULStore.jsm, line 66: Error: Can't find profile directory.
JavaScript error: resource://gre/modules/XULStore.jsm, line 66: Error: Can't find profile directory.
1646149298701	geckodriver	INFO	Listening on 127.0.0.1:57441
1646149299588	mozrunner::runner	INFO	Running command: "/Applications/Firefox.app/Contents/MacOS/firefox-bin" "--marionette" "-foreground" "-no-remote" "-profile" "/var/folders/ht/kmypm2td35v78tr7wjvy4gh40000gn/T/rust_mozprofileoyhHxG"
1646149300079	Marionette	INFO	Marionette enabled
console.warn: SearchSettings: "get: No settings file exists, new profile?" (new NotFoundError("Could not open the file at /var/folders/ht/kmypm2td35v78tr7wjvy4gh40000gn/T/rust_mozprofileoyhHxG/search.json.mozlz4", (void 0)))
console.error: BackgroundUpdate: 
  _reasonsToNotScheduleUpdates: Failed to check for Maintenance Service Registry Key: [Exception... "Component returned failure code: 0x80004001 (NS_ERROR_NOT_IMPLEMENTED) [nsIUpdateProcessor.getServiceRegKeyExists]"  nsresult: "0x80004001 (NS_ERROR_NOT_IMPLEMENTED)"  location: "JS frame :: resource://gre/modules/BackgroundUpdate.jsm :: _reasonsToNotScheduleUpdates :: line 243"  data: no]
1646149302527	Marionette	INFO	Listening on port 57456
1646149302698	RemoteAgent	WARN	TLS certificate errors will be ignored for this session
JavaScript error: resource://gre/modules/XULStore.jsm, line 66: Error: Can't find profile directory.
JavaScript error: resource://gre/modules/XULStore.jsm, line 66: Error: Can't find profile directory.
1646149371389	geckodriver	INFO	Listening on 127.0.0.1:57842
1646149372274	mozrunner::runner	INFO	Running command: "/Applications/Firefox.app/Contents/MacOS/firefox-bin" "--marionette" "-foreground" "-no-remote" "-profile" "/var/folders/ht/kmypm2td35v78tr7wjvy4gh40000gn/T/rust_mozprofileCFf5rz"
1646149372761	Marionette	INFO	Marionette enabled
console.warn: SearchSettings: "get: No settings file exists, new profile?" (new NotFoundError("Could not open the file at /var/folders/ht/kmypm2td35v78tr7wjvy4gh40000gn/T/rust_mozprofileCFf5rz/search.json.mozlz4", (void 0)))
console.error: BackgroundUpdate: 
  _reasonsToNotScheduleUpdates: Failed to check for Maintenance Service Registry Key: [Exception... "Component returned failure code: 0x80004001 (NS_ERROR_NOT_IMPLEMENTED) [nsIUpdateProcessor.getServiceRegKeyExists]"  nsresult: "0x80004001 (NS_ERROR_NOT_IMPLEMENTED)"  location: "JS frame :: resource://gre/modules/BackgroundUpdate.jsm :: _reasonsToNotScheduleUpdates :: line 243"  data: no]
1646149375617	Marionette	INFO	Listening on port 57857
1646149375738	RemoteAgent	WARN	TLS certificate errors will be ignored for this session
JavaScript error: resource://gre/modules/XULStore.jsm, line 66: Error: Can't find profile directory.
JavaScript error: resource://gre/modules/XULStore.jsm, line 66: Error: Can't find profile directory.
1646149433624	geckodriver	INFO	Listening on 127.0.0.1:58189
1646149434476	mozrunner::runner	INFO	Running command: "/Applications/Firefox.app/Contents/MacOS/firefox-bin" "--marionette" "-foreground" "-no-remote" "-profile" "/var/folders/ht/kmypm2td35v78tr7wjvy4gh40000gn/T/rust_mozprofilefUHLj6"
1646149435181	Marionette	INFO	Marionette enabled
console.warn: SearchSettings: "get: No settings file exists, new profile?" (new NotFoundError("Could not open the file at /var/folders/ht/kmypm2td35v78tr7wjvy4gh40000gn/T/rust_mozprofilefUHLj6/search.json.mozlz4", (void 0)))
console.error: BackgroundUpdate: 
  _reasonsToNotScheduleUpdates: Failed to check for Maintenance Service Registry Key: [Exception... "Component returned failure code: 0x80004001 (NS_ERROR_NOT_IMPLEMENTED) [nsIUpdateProcessor.getServiceRegKeyExists]"  nsresult: "0x80004001 (NS_ERROR_NOT_IMPLEMENTED)"  location: "JS frame :: resource://gre/modules/BackgroundUpdate.jsm :: _reasonsToNotScheduleUpdates :: line 243"  data: no]
1646149438099	Marionette	INFO	Listening on port 58207
1646149438218	RemoteAgent	WARN	TLS certificate errors will be ignored for this session
JavaScript error: resource://gre/modules/XULStore.jsm, line 66: Error: Can't find profile directory.
JavaScript error: resource://gre/modules/XULStore.jsm, line 66: Error: Can't find profile directory.
JavaScript error: https://fdyn.pubwise.io/script/8e8b7267-5938-41ec-b047-b7e985fc9645/v3/dyn/pws.js?type=default, line 1151: TypeError: s is undefined
JavaScript error: https://fdyn.pubwise.io/script/8e8b7267-5938-41ec-b047-b7e985fc9645/v3/dyn/pws.js?type=default, line 1151: TypeError: s is undefined
JavaScript warning: https://www.google.com/js/bg/cU8YCFgE7cu8MeMbyLYxJr8I1SM9QUnr2FWAvESHPY0.js line 1 > eval, line 5291: Script terminated by timeout at:
x@https://www.google.com/js/bg/cU8YCFgE7cu8MeMbyLYxJr8I1SM9QUnr2FWAvESHPY0.js line 1 > eval:5291:13585
@https://www.google.com/js/bg/cU8YCFgE7cu8MeMbyLYxJr8I1SM9QUnr2FWAvESHPY0.js line 1 > eval line 5291 > eval:1:20
di<@https://www.google.com/js/bg/cU8YCFgE7cu8MeMbyLYxJr8I1SM9QUnr2FWAvESHPY0.js line 1 > eval:5291:8810
W5@https://www.google.com/js/bg/cU8YCFgE7cu8MeMbyLYxJr8I1SM9QUnr2FWAvESHPY0.js line 1 > eval:5291:7117
f.prototype.o</<@https://www.google.com/js/bg/cU8YCFgE7cu8MeMbyLYxJr8I1SM9QUnr2FWAvESHPY0.js line 1 > eval:5291:12457
S2@https://www.google.com/js/bg/cU8YCFgE7cu8MeMbyLYxJr8I1SM9QUnr2FWAvESHPY0.js line 1 > eval:5291:10494
yU@https://www.google.com/js/bg/cU8YCFgE7cu8MeMbyLYxJr8I1SM9QUnr2FWAvESHPY0.js line 1 > eval:5291:13470
P<@https://www.google.com/js/bg/cU8YCFgE7cu8MeMbyLYxJr8I1SM9QUnr2FWAvESHPY0.js line 1 > eval:5291:12867
yU/<@https://www.google.com/js/bg/cU8YCFgE7cu8MeMbyLYxJr8I1SM9QUnr2FWAvESHPY0.js line 1 > eval:5291:13527
S</<@https://www.google.com/js/bg/cU8YCFgE7cu8MeMbyLYxJr8I1SM9QUnr2FWAvESHPY0.js line 1 > eval:5291:2502

JavaScript warning: https://pagead2.googlesyndication.com/bg/0ltqD8mYpncppC4ofUE60fseCpeCI5hdrunKw8wv-rU.js line 1 > eval line 6463 > eval line 1 > eval line 1 > eval, line 1: WEBGL_debug_renderer_info is deprecated in Firefox and will be removed. Please use RENDERER.
JavaScript error: , line 0: TypeError: NetworkError when attempting to fetch resource.
JavaScript error: , line 0: TypeError: NetworkError when attempting to fetch resource.
JavaScript warning: https://pagead2.googlesyndication.com/bg/0ltqD8mYpncppC4ofUE60fseCpeCI5hdrunKw8wv-rU.js line 1 > eval line 6276 > eval line 1 > eval line 1 > eval, line 1: WEBGL_debug_renderer_info is deprecated in Firefox and will be removed. Please use RENDERER.
1646150435385	geckodriver	INFO	Listening on 127.0.0.1:62628
1646150436253	mozrunner::runner	INFO	Running command: "/Applications/Firefox.app/Contents/MacOS/firefox-bin" "--marionette" "-foreground" "-no-remote" "-profile" "/var/folders/ht/kmypm2td35v78tr7wjvy4gh40000gn/T/rust_mozprofilex6Bt7E"
1646150437016	Marionette	INFO	Marionette enabled
console.warn: SearchSettings: "get: No settings file exists, new profile?" (new NotFoundError("Could not open the file at /var/folders/ht/kmypm2td35v78tr7wjvy4gh40000gn/T/rust_mozprofilex6Bt7E/search.json.mozlz4", (void 0)))
console.error: BackgroundUpdate: 
  _reasonsToNotScheduleUpdates: Failed to check for Maintenance Service Registry Key: [Exception... "Component returned failure code: 0x80004001 (NS_ERROR_NOT_IMPLEMENTED) [nsIUpdateProcessor.getServiceRegKeyExists]"  nsresult: "0x80004001 (NS_ERROR_NOT_IMPLEMENTED)"  location: "JS frame :: resource://gre/modules/BackgroundUpdate.jsm :: _reasonsToNotScheduleUpdates :: line 243"  data: no]
1646150439771	Marionette	INFO	Listening on port 62643
1646150439815	RemoteAgent	WARN	TLS certificate errors will be ignored for this session
JavaScript error: resource://gre/modules/XULStore.jsm, line 66: Error: Can't find profile directory.
JavaScript error: resource://gre/modules/XULStore.jsm, line 66: Error: Can't find profile directory.
1646150479001	Marionette	INFO	Stopped listening on port 62643

###!!! [Parent][RunMessage] Error: Channel closing: too late to send/recv, messages will be lost

1646150480666	Marionette	INFO	Stopped listening on port 58207
JavaScript error: , line 0: TypeError: NetworkError when attempting to fetch resource.
JavaScript error: , line 0: TypeError: NetworkError when attempting to fetch resource.

###!!! [Parent][RunMessage] Error: Channel closing: too late to send/recv, messages will be lost

1646150482791	Marionette	INFO	Stopped listening on port 57857
1646150484511	Marionette	INFO	Stopped listening on port 57456

###!!! [Parent][RunMessage] Error: Channel closing: too late to send/recv, messages will be lost

1646150485903	Marionette	INFO	Stopped listening on port 57140

###!!! [Parent][RunMessage] Error: Channel closing: too late to send/recv, messages will be lost

1646150487141	Marionette	INFO	Stopped listening on port 56800

###!!! [Parent][RunMessage] Error: Channel closing: too late to send/recv, messages will be lost

1646150488407	Marionette	INFO	Stopped listening on port 56524
1646150694875	geckodriver	INFO	Listening on 127.0.0.1:63844
1646150695710	mozrunner::runner	INFO	Running command: "/Applications/Firefox.app/Contents/MacOS/firefox-bin" "--marionette" "-foreground" "-no-remote" "-profile" "/var/folders/ht/kmypm2td35v78tr7wjvy4gh40000gn/T/rust_mozprofileiidGOg"
1646150696593	Marionette	INFO	Marionette enabled
console.warn: SearchSettings: "get: No settings file exists, new profile?" (new NotFoundError("Could not open the file at /var/folders/ht/kmypm2td35v78tr7wjvy4gh40000gn/T/rust_mozprofileiidGOg/search.json.mozlz4", (void 0)))
console.error: BackgroundUpdate: 
  _reasonsToNotScheduleUpdates: Failed to check for Maintenance Service Registry Key: [Exception... "Component returned failure code: 0x80004001 (NS_ERROR_NOT_IMPLEMENTED) [nsIUpdateProcessor.getServiceRegKeyExists]"  nsresult: "0x80004001 (NS_ERROR_NOT_IMPLEMENTED)"  location: "JS frame :: resource://gre/modules/BackgroundUpdate.jsm :: _reasonsToNotScheduleUpdates :: line 243"  data: no]
1646150698904	Marionette	INFO	Listening on port 63860
1646150699043	RemoteAgent	WARN	TLS certificate errors will be ignored for this session
JavaScript error: resource://gre/modules/XULStore.jsm, line 66: Error: Can't find profile directory.
JavaScript error: resource://gre/modules/XULStore.jsm, line 66: Error: Can't find profile directory.
1646150708790	Marionette	INFO	Stopped listening on port 63860

###!!! [Parent][RunMessage] Error: Channel closing: too late to send/recv, messages will be lost

1646151008161	geckodriver	INFO	Listening on 127.0.0.1:65252
1646151009029	mozrunner::runner	INFO	Running command: "/Applications/Firefox.app/Contents/MacOS/firefox-bin" "--marionette" "-foreground" "-no-remote" "-profile" "/var/folders/ht/kmypm2td35v78tr7wjvy4gh40000gn/T/rust_mozprofileqbD3kb"
1646151009677	Marionette	INFO	Marionette enabled
console.warn: SearchSettings: "get: No settings file exists, new profile?" (new NotFoundError("Could not open the file at /var/folders/ht/kmypm2td35v78tr7wjvy4gh40000gn/T/rust_mozprofileqbD3kb/search.json.mozlz4", (void 0)))
console.error: BackgroundUpdate: 
  _reasonsToNotScheduleUpdates: Failed to check for Maintenance Service Registry Key: [Exception... "Component returned failure code: 0x80004001 (NS_ERROR_NOT_IMPLEMENTED) [nsIUpdateProcessor.getServiceRegKeyExists]"  nsresult: "0x80004001 (NS_ERROR_NOT_IMPLEMENTED)"  location: "JS frame :: resource://gre/modules/BackgroundUpdate.jsm :: _reasonsToNotScheduleUpdates :: line 243"  data: no]
1646151012339	Marionette	INFO	Listening on port 65267
1646151012447	RemoteAgent	WARN	TLS certificate errors will be ignored for this session
JavaScript error: resource://gre/modules/XULStore.jsm, line 66: Error: Can't find profile directory.
JavaScript error: resource://gre/modules/XULStore.jsm, line 66: Error: Can't find profile directory.
1646151020831	Marionette	INFO	Stopped listening on port 65267

###!!! [Parent][RunMessage] Error: Channel closing: too late to send/recv, messages will be lost

1646151132731	geckodriver	INFO	Listening on 127.0.0.1:49470
1646151133653	mozrunner::runner	INFO	Running command: "/Applications/Firefox.app/Contents/MacOS/firefox-bin" "--marionette" "-foreground" "-no-remote" "-profile" "/var/folders/ht/kmypm2td35v78tr7wjvy4gh40000gn/T/rust_mozprofileduTvqF"
1646151134188	Marionette	INFO	Marionette enabled
console.warn: SearchSettings: "get: No settings file exists, new profile?" (new NotFoundError("Could not open the file at /var/folders/ht/kmypm2td35v78tr7wjvy4gh40000gn/T/rust_mozprofileduTvqF/search.json.mozlz4", (void 0)))
console.error: BackgroundUpdate: 
  _reasonsToNotScheduleUpdates: Failed to check for Maintenance Service Registry Key: [Exception... "Component returned failure code: 0x80004001 (NS_ERROR_NOT_IMPLEMENTED) [nsIUpdateProcessor.getServiceRegKeyExists]"  nsresult: "0x80004001 (NS_ERROR_NOT_IMPLEMENTED)"  location: "JS frame :: resource://gre/modules/BackgroundUpdate.jsm :: _reasonsToNotScheduleUpdates :: line 243"  data: no]
1646151136701	Marionette	INFO	Listening on port 49486
1646151136773	RemoteAgent	WARN	TLS certificate errors will be ignored for this session
JavaScript error: resource://gre/modules/XULStore.jsm, line 66: Error: Can't find profile directory.
JavaScript error: resource://gre/modules/XULStore.jsm, line 66: Error: Can't find profile directory.
1646151145296	Marionette	INFO	Stopped listening on port 49486

###!!! [Parent][RunMessage] Error: Channel closing: too late to send/recv, messages will be lost

1646151245975	geckodriver	INFO	Listening on 127.0.0.1:50031
1646151246896	mozrunner::runner	INFO	Running command: "/Applications/Firefox.app/Contents/MacOS/firefox-bin" "--marionette" "-foreground" "-no-remote" "-profile" "/var/folders/ht/kmypm2td35v78tr7wjvy4gh40000gn/T/rust_mozprofile73OBKf"
1646151247362	Marionette	INFO	Marionette enabled
console.warn: SearchSettings: "get: No settings file exists, new profile?" (new NotFoundError("Could not open the file at /var/folders/ht/kmypm2td35v78tr7wjvy4gh40000gn/T/rust_mozprofile73OBKf/search.json.mozlz4", (void 0)))
console.error: BackgroundUpdate: 
  _reasonsToNotScheduleUpdates: Failed to check for Maintenance Service Registry Key: [Exception... "Component returned failure code: 0x80004001 (NS_ERROR_NOT_IMPLEMENTED) [nsIUpdateProcessor.getServiceRegKeyExists]"  nsresult: "0x80004001 (NS_ERROR_NOT_IMPLEMENTED)"  location: "JS frame :: resource://gre/modules/BackgroundUpdate.jsm :: _reasonsToNotScheduleUpdates :: line 243"  data: no]
1646151249624	Marionette	INFO	Listening on port 50046
1646151249698	RemoteAgent	WARN	TLS certificate errors will be ignored for this session
JavaScript error: resource://gre/modules/XULStore.jsm, line 66: Error: Can't find profile directory.
JavaScript error: resource://gre/modules/XULStore.jsm, line 66: Error: Can't find profile directory.
1646151258806	Marionette	INFO	Stopped listening on port 50046
1646151325572	geckodriver	INFO	Listening on 127.0.0.1:50452
1646151326472	mozrunner::runner	INFO	Running command: "/Applications/Firefox.app/Contents/MacOS/firefox-bin" "--marionette" "-foreground" "-no-remote" "-profile" "/var/folders/ht/kmypm2td35v78tr7wjvy4gh40000gn/T/rust_mozprofilefjPgQN"
1646151326928	Marionette	INFO	Marionette enabled
console.warn: SearchSettings: "get: No settings file exists, new profile?" (new NotFoundError("Could not open the file at /var/folders/ht/kmypm2td35v78tr7wjvy4gh40000gn/T/rust_mozprofilefjPgQN/search.json.mozlz4", (void 0)))
console.error: BackgroundUpdate: 
  _reasonsToNotScheduleUpdates: Failed to check for Maintenance Service Registry Key: [Exception... "Component returned failure code: 0x80004001 (NS_ERROR_NOT_IMPLEMENTED) [nsIUpdateProcessor.getServiceRegKeyExists]"  nsresult: "0x80004001 (NS_ERROR_NOT_IMPLEMENTED)"  location: "JS frame :: resource://gre/modules/BackgroundUpdate.jsm :: _reasonsToNotScheduleUpdates :: line 243"  data: no]
1646151329062	Marionette	INFO	Listening on port 50467
1646151329195	RemoteAgent	WARN	TLS certificate errors will be ignored for this session
JavaScript error: resource://gre/modules/XULStore.jsm, line 66: Error: Can't find profile directory.
JavaScript error: resource://gre/modules/XULStore.jsm, line 66: Error: Can't find profile directory.
1646151337480	Marionette	INFO	Stopped listening on port 50467

###!!! [Parent][RunMessage] Error: Channel closing: too late to send/recv, messages will be lost

1646151550704	geckodriver	INFO	Listening on 127.0.0.1:51471
1646151551629	mozrunner::runner	INFO	Running command: "/Applications/Firefox.app/Contents/MacOS/firefox-bin" "--marionette" "-foreground" "-no-remote" "-profile" "/var/folders/ht/kmypm2td35v78tr7wjvy4gh40000gn/T/rust_mozprofilexPqkWF"
1646151552173	Marionette	INFO	Marionette enabled
console.warn: SearchSettings: "get: No settings file exists, new profile?" (new NotFoundError("Could not open the file at /var/folders/ht/kmypm2td35v78tr7wjvy4gh40000gn/T/rust_mozprofilexPqkWF/search.json.mozlz4", (void 0)))
console.error: BackgroundUpdate: 
  _reasonsToNotScheduleUpdates: Failed to check for Maintenance Service Registry Key: [Exception... "Component returned failure code: 0x80004001 (NS_ERROR_NOT_IMPLEMENTED) [nsIUpdateProcessor.getServiceRegKeyExists]"  nsresult: "0x80004001 (NS_ERROR_NOT_IMPLEMENTED)"  location: "JS frame :: resource://gre/modules/BackgroundUpdate.jsm :: _reasonsToNotScheduleUpdates :: line 243"  data: no]
1646151554293	Marionette	INFO	Listening on port 51486
1646151554347	RemoteAgent	WARN	TLS certificate errors will be ignored for this session
JavaScript error: resource://gre/modules/XULStore.jsm, line 66: Error: Can't find profile directory.
JavaScript error: resource://gre/modules/XULStore.jsm, line 66: Error: Can't find profile directory.
1646151562845	Marionette	INFO	Stopped listening on port 51486

###!!! [Parent][RunMessage] Error: Channel closing: too late to send/recv, messages will be lost

1646151603959	geckodriver	INFO	Listening on 127.0.0.1:51774
1646151604879	mozrunner::runner	INFO	Running command: "/Applications/Firefox.app/Contents/MacOS/firefox-bin" "--marionette" "-foreground" "-no-remote" "-profile" "/var/folders/ht/kmypm2td35v78tr7wjvy4gh40000gn/T/rust_mozprofileyL9H81"
1646151605346	Marionette	INFO	Marionette enabled
console.warn: SearchSettings: "get: No settings file exists, new profile?" (new NotFoundError("Could not open the file at /var/folders/ht/kmypm2td35v78tr7wjvy4gh40000gn/T/rust_mozprofileyL9H81/search.json.mozlz4", (void 0)))
console.error: BackgroundUpdate: 
  _reasonsToNotScheduleUpdates: Failed to check for Maintenance Service Registry Key: [Exception... "Component returned failure code: 0x80004001 (NS_ERROR_NOT_IMPLEMENTED) [nsIUpdateProcessor.getServiceRegKeyExists]"  nsresult: "0x80004001 (NS_ERROR_NOT_IMPLEMENTED)"  location: "JS frame :: resource://gre/modules/BackgroundUpdate.jsm :: _reasonsToNotScheduleUpdates :: line 243"  data: no]
1646151607682	Marionette	INFO	Listening on port 51789
1646151607807	RemoteAgent	WARN	TLS certificate errors will be ignored for this session
JavaScript error: resource://gre/modules/XULStore.jsm, line 66: Error: Can't find profile directory.
JavaScript error: resource://gre/modules/XULStore.jsm, line 66: Error: Can't find profile directory.
1646151616656	Marionette	INFO	Stopped listening on port 51789

###!!! [Parent][RunMessage] Error: Channel closing: too late to send/recv, messages will be lost

1646151861220	geckodriver	INFO	Listening on 127.0.0.1:52916
1646151862142	mozrunner::runner	INFO	Running command: "/Applications/Firefox.app/Contents/MacOS/firefox-bin" "--marionette" "-foreground" "-no-remote" "-profile" "/var/folders/ht/kmypm2td35v78tr7wjvy4gh40000gn/T/rust_mozprofile4VEk9L"
1646151862612	Marionette	INFO	Marionette enabled
console.warn: SearchSettings: "get: No settings file exists, new profile?" (new NotFoundError("Could not open the file at /var/folders/ht/kmypm2td35v78tr7wjvy4gh40000gn/T/rust_mozprofile4VEk9L/search.json.mozlz4", (void 0)))
console.error: BackgroundUpdate: 
  _reasonsToNotScheduleUpdates: Failed to check for Maintenance Service Registry Key: [Exception... "Component returned failure code: 0x80004001 (NS_ERROR_NOT_IMPLEMENTED) [nsIUpdateProcessor.getServiceRegKeyExists]"  nsresult: "0x80004001 (NS_ERROR_NOT_IMPLEMENTED)"  location: "JS frame :: resource://gre/modules/BackgroundUpdate.jsm :: _reasonsToNotScheduleUpdates :: line 243"  data: no]
1646151864689	Marionette	INFO	Listening on port 52932
1646151864760	RemoteAgent	WARN	TLS certificate errors will be ignored for this session
JavaScript error: resource://gre/modules/XULStore.jsm, line 66: Error: Can't find profile directory.
JavaScript error: resource://gre/modules/XULStore.jsm, line 66: Error: Can't find profile directory.
1646151881999	Marionette	INFO	Stopped listening on port 52932

###!!! [Parent][RunMessage] Error: Channel closing: too late to send/recv, messages will be lost

1646152106412	geckodriver	INFO	Listening on 127.0.0.1:53998
1646152107329	mozrunner::runner	INFO	Running command: "/Applications/Firefox.app/Contents/MacOS/firefox-bin" "--marionette" "-foreground" "-no-remote" "-profile" "/var/folders/ht/kmypm2td35v78tr7wjvy4gh40000gn/T/rust_mozprofilevDEp1F"
1646152107784	Marionette	INFO	Marionette enabled
console.warn: SearchSettings: "get: No settings file exists, new profile?" (new NotFoundError("Could not open the file at /var/folders/ht/kmypm2td35v78tr7wjvy4gh40000gn/T/rust_mozprofilevDEp1F/search.json.mozlz4", (void 0)))
console.error: BackgroundUpdate: 
  _reasonsToNotScheduleUpdates: Failed to check for Maintenance Service Registry Key: [Exception... "Component returned failure code: 0x80004001 (NS_ERROR_NOT_IMPLEMENTED) [nsIUpdateProcessor.getServiceRegKeyExists]"  nsresult: "0x80004001 (NS_ERROR_NOT_IMPLEMENTED)"  location: "JS frame :: resource://gre/modules/BackgroundUpdate.jsm :: _reasonsToNotScheduleUpdates :: line 243"  data: no]
1646152109937	Marionette	INFO	Listening on port 54013
1646152110034	RemoteAgent	WARN	TLS certificate errors will be ignored for this session
JavaScript error: resource://gre/modules/XULStore.jsm, line 66: Error: Can't find profile directory.
JavaScript error: resource://gre/modules/XULStore.jsm, line 66: Error: Can't find profile directory.
1646152118950	Marionette	INFO	Stopped listening on port 54013

###!!! [Parent][RunMessage] Error: Channel closing: too late to send/recv, messages will be lost

1646152145892	geckodriver	INFO	Listening on 127.0.0.1:54242
1646152146793	mozrunner::runner	INFO	Running command: "/Applications/Firefox.app/Contents/MacOS/firefox-bin" "--marionette" "-foreground" "-no-remote" "-profile" "/var/folders/ht/kmypm2td35v78tr7wjvy4gh40000gn/T/rust_mozprofile8fdeF6"
1646152147353	Marionette	INFO	Marionette enabled
console.warn: SearchSettings: "get: No settings file exists, new profile?" (new NotFoundError("Could not open the file at /var/folders/ht/kmypm2td35v78tr7wjvy4gh40000gn/T/rust_mozprofile8fdeF6/search.json.mozlz4", (void 0)))
console.error: BackgroundUpdate: 
  _reasonsToNotScheduleUpdates: Failed to check for Maintenance Service Registry Key: [Exception... "Component returned failure code: 0x80004001 (NS_ERROR_NOT_IMPLEMENTED) [nsIUpdateProcessor.getServiceRegKeyExists]"  nsresult: "0x80004001 (NS_ERROR_NOT_IMPLEMENTED)"  location: "JS frame :: resource://gre/modules/BackgroundUpdate.jsm :: _reasonsToNotScheduleUpdates :: line 243"  data: no]
1646152150097	Marionette	INFO	Listening on port 54257
1646152150216	RemoteAgent	WARN	TLS certificate errors will be ignored for this session
JavaScript error: resource://gre/modules/XULStore.jsm, line 66: Error: Can't find profile directory.
JavaScript error: resource://gre/modules/XULStore.jsm, line 66: Error: Can't find profile directory.
1646152159195	Marionette	INFO	Stopped listening on port 54257

###!!! [Parent][RunMessage] Error: Channel closing: too late to send/recv, messages will be lost

1646152508940	geckodriver	INFO	Listening on 127.0.0.1:55821
1646152509849	mozrunner::runner	INFO	Running command: "/Applications/Firefox.app/Contents/MacOS/firefox-bin" "--marionette" "-foreground" "-no-remote" "-profile" "/var/folders/ht/kmypm2td35v78tr7wjvy4gh40000gn/T/rust_mozprofileqrmT1e"
1646152510328	Marionette	INFO	Marionette enabled
console.warn: SearchSettings: "get: No settings file exists, new profile?" (new NotFoundError("Could not open the file at /var/folders/ht/kmypm2td35v78tr7wjvy4gh40000gn/T/rust_mozprofileqrmT1e/search.json.mozlz4", (void 0)))
console.error: BackgroundUpdate: 
  _reasonsToNotScheduleUpdates: Failed to check for Maintenance Service Registry Key: [Exception... "Component returned failure code: 0x80004001 (NS_ERROR_NOT_IMPLEMENTED) [nsIUpdateProcessor.getServiceRegKeyExists]"  nsresult: "0x80004001 (NS_ERROR_NOT_IMPLEMENTED)"  location: "JS frame :: resource://gre/modules/BackgroundUpdate.jsm :: _reasonsToNotScheduleUpdates :: line 243"  data: no]
1646152512583	Marionette	INFO	Listening on port 55836
1646152512656	RemoteAgent	WARN	TLS certificate errors will be ignored for this session
JavaScript error: resource://gre/modules/XULStore.jsm, line 66: Error: Can't find profile directory.
JavaScript error: resource://gre/modules/XULStore.jsm, line 66: Error: Can't find profile directory.
1646152521122	Marionette	INFO	Stopped listening on port 55836

###!!! [Parent][RunMessage] Error: Channel closing: too late to send/recv, messages will be lost

1646152619122	geckodriver	INFO	Listening on 127.0.0.1:56355
1646152620011	mozrunner::runner	INFO	Running command: "/Applications/Firefox.app/Contents/MacOS/firefox-bin" "--marionette" "-foreground" "-no-remote" "-profile" "/var/folders/ht/kmypm2td35v78tr7wjvy4gh40000gn/T/rust_mozprofileWjhlSe"
1646152620568	Marionette	INFO	Marionette enabled
console.warn: SearchSettings: "get: No settings file exists, new profile?" (new NotFoundError("Could not open the file at /var/folders/ht/kmypm2td35v78tr7wjvy4gh40000gn/T/rust_mozprofileWjhlSe/search.json.mozlz4", (void 0)))
console.error: BackgroundUpdate: 
  _reasonsToNotScheduleUpdates: Failed to check for Maintenance Service Registry Key: [Exception... "Component returned failure code: 0x80004001 (NS_ERROR_NOT_IMPLEMENTED) [nsIUpdateProcessor.getServiceRegKeyExists]"  nsresult: "0x80004001 (NS_ERROR_NOT_IMPLEMENTED)"  location: "JS frame :: resource://gre/modules/BackgroundUpdate.jsm :: _reasonsToNotScheduleUpdates :: line 243"  data: no]
1646152623015	Marionette	INFO	Listening on port 56370
1646152623101	RemoteAgent	WARN	TLS certificate errors will be ignored for this session
JavaScript error: resource://gre/modules/XULStore.jsm, line 66: Error: Can't find profile directory.
JavaScript error: resource://gre/modules/XULStore.jsm, line 66: Error: Can't find profile directory.
Exiting due to channel error.
Exiting due to channel error.
Exiting due to channel error.
1646152654268	geckodriver	INFO	Listening on 127.0.0.1:56590
1646152655111	mozrunner::runner	INFO	Running command: "/Applications/Firefox.app/Contents/MacOS/firefox-bin" "--marionette" "-foreground" "-no-remote" "-profile" "/var/folders/ht/kmypm2td35v78tr7wjvy4gh40000gn/T/rust_mozprofileUR4iLk"
1646152655562	Marionette	INFO	Marionette enabled
console.warn: SearchSettings: "get: No settings file exists, new profile?" (new NotFoundError("Could not open the file at /var/folders/ht/kmypm2td35v78tr7wjvy4gh40000gn/T/rust_mozprofileUR4iLk/search.json.mozlz4", (void 0)))
console.error: BackgroundUpdate: 
  _reasonsToNotScheduleUpdates: Failed to check for Maintenance Service Registry Key: [Exception... "Component returned failure code: 0x80004001 (NS_ERROR_NOT_IMPLEMENTED) [nsIUpdateProcessor.getServiceRegKeyExists]"  nsresult: "0x80004001 (NS_ERROR_NOT_IMPLEMENTED)"  location: "JS frame :: resource://gre/modules/BackgroundUpdate.jsm :: _reasonsToNotScheduleUpdates :: line 243"  data: no]
1646152657750	Marionette	INFO	Listening on port 56605
1646152657816	RemoteAgent	WARN	TLS certificate errors will be ignored for this session
JavaScript error: resource://gre/modules/XULStore.jsm, line 66: Error: Can't find profile directory.
JavaScript error: resource://gre/modules/XULStore.jsm, line 66: Error: Can't find profile directory.
Exiting due to channel error.
Exiting due to channel error.
Exiting due to channel error.
1646152744869	geckodriver	INFO	Listening on 127.0.0.1:57056
1646152745772	mozrunner::runner	INFO	Running command: "/Applications/Firefox.app/Contents/MacOS/firefox-bin" "--marionette" "-foreground" "-no-remote" "-profile" "/var/folders/ht/kmypm2td35v78tr7wjvy4gh40000gn/T/rust_mozprofilenurjlM"
1646152746323	Marionette	INFO	Marionette enabled
console.warn: SearchSettings: "get: No settings file exists, new profile?" (new NotFoundError("Could not open the file at /var/folders/ht/kmypm2td35v78tr7wjvy4gh40000gn/T/rust_mozprofilenurjlM/search.json.mozlz4", (void 0)))
console.error: BackgroundUpdate: 
  _reasonsToNotScheduleUpdates: Failed to check for Maintenance Service Registry Key: [Exception... "Component returned failure code: 0x80004001 (NS_ERROR_NOT_IMPLEMENTED) [nsIUpdateProcessor.getServiceRegKeyExists]"  nsresult: "0x80004001 (NS_ERROR_NOT_IMPLEMENTED)"  location: "JS frame :: resource://gre/modules/BackgroundUpdate.jsm :: _reasonsToNotScheduleUpdates :: line 243"  data: no]
1646152748377	Marionette	INFO	Listening on port 57071
1646152748477	RemoteAgent	WARN	TLS certificate errors will be ignored for this session
JavaScript error: resource://gre/modules/XULStore.jsm, line 66: Error: Can't find profile directory.
JavaScript error: resource://gre/modules/XULStore.jsm, line 66: Error: Can't find profile directory.
1646152770377	Marionette	INFO	Stopped listening on port 57071
1646152794099	geckodriver	INFO	Listening on 127.0.0.1:57339
1646152795011	mozrunner::runner	INFO	Running command: "/Applications/Firefox.app/Contents/MacOS/firefox-bin" "--marionette" "-foreground" "-no-remote" "-profile" "/var/folders/ht/kmypm2td35v78tr7wjvy4gh40000gn/T/rust_mozprofileVS2gSX"
1646152795589	Marionette	INFO	Marionette enabled
console.warn: SearchSettings: "get: No settings file exists, new profile?" (new NotFoundError("Could not open the file at /var/folders/ht/kmypm2td35v78tr7wjvy4gh40000gn/T/rust_mozprofileVS2gSX/search.json.mozlz4", (void 0)))
console.error: BackgroundUpdate: 
  _reasonsToNotScheduleUpdates: Failed to check for Maintenance Service Registry Key: [Exception... "Component returned failure code: 0x80004001 (NS_ERROR_NOT_IMPLEMENTED) [nsIUpdateProcessor.getServiceRegKeyExists]"  nsresult: "0x80004001 (NS_ERROR_NOT_IMPLEMENTED)"  location: "JS frame :: resource://gre/modules/BackgroundUpdate.jsm :: _reasonsToNotScheduleUpdates :: line 243"  data: no]
1646152797863	Marionette	INFO	Listening on port 57354
1646152797929	RemoteAgent	WARN	TLS certificate errors will be ignored for this session
JavaScript error: resource://gre/modules/XULStore.jsm, line 66: Error: Can't find profile directory.
JavaScript error: resource://gre/modules/XULStore.jsm, line 66: Error: Can't find profile directory.
Exiting due to channel error.
[GFX1-]: Receive IPC close with reason=AbnormalShutdown
Exiting due to channel error.
Exiting due to channel error.
1646152931527	geckodriver	INFO	Listening on 127.0.0.1:58005
1646152932440	mozrunner::runner	INFO	Running command: "/Applications/Firefox.app/Contents/MacOS/firefox-bin" "--marionette" "-foreground" "-no-remote" "-profile" "/var/folders/ht/kmypm2td35v78tr7wjvy4gh40000gn/T/rust_mozprofileZ2d3gy"
1646152932902	Marionette	INFO	Marionette enabled
console.warn: SearchSettings: "get: No settings file exists, new profile?" (new NotFoundError("Could not open the file at /var/folders/ht/kmypm2td35v78tr7wjvy4gh40000gn/T/rust_mozprofileZ2d3gy/search.json.mozlz4", (void 0)))
console.error: BackgroundUpdate: 
  _reasonsToNotScheduleUpdates: Failed to check for Maintenance Service Registry Key: [Exception... "Component returned failure code: 0x80004001 (NS_ERROR_NOT_IMPLEMENTED) [nsIUpdateProcessor.getServiceRegKeyExists]"  nsresult: "0x80004001 (NS_ERROR_NOT_IMPLEMENTED)"  location: "JS frame :: resource://gre/modules/BackgroundUpdate.jsm :: _reasonsToNotScheduleUpdates :: line 243"  data: no]
1646152935475	Marionette	INFO	Listening on port 58020
1646152935550	RemoteAgent	WARN	TLS certificate errors will be ignored for this session
JavaScript error: resource://gre/modules/XULStore.jsm, line 66: Error: Can't find profile directory.
JavaScript error: resource://gre/modules/XULStore.jsm, line 66: Error: Can't find profile directory.
1646153020981	Marionette	INFO	Stopped listening on port 58020

###!!! [Parent][RunMessage] Error: Channel closing: too late to send/recv, messages will be lost

